<?xml version="1.0" encoding="UTF-8"?>
<!-- Generated by org.testng.reporters.JUnitXMLReporter -->
<testsuite hostname="Indijanov" ignored="0" name="Default test" tests="5" failures="0" timestamp="2021-03-02T19:29:12 CET" time="75.441" errors="0">
  <testcase name="editProfile" time="13.547" classname="tests.ProfileTest"/>
  <testcase name="changeProfileImage" time="16.029" classname="tests.ProfileTest"/>
  <testcase name="addMealToCart" time="13.215" classname="tests.ProfileTest"/>
  <testcase name="addMealToFavorite" time="8.78" classname="tests.ProfileTest"/>
  <testcase name="clearCart" time="19.683" classname="tests.ProfileTest"/>
</testsuite> <!-- Default test -->
