<?xml version="1.0" encoding="UTF-8"?>
<testng-results skipped="0" failed="0" ignored="0" total="1" passed="1">
  <reporter-output>
  </reporter-output>
  <suite name="Default suite" duration-ms="30845" started-at="2021-02-28T00:40:14 CET" finished-at="2021-02-28T00:40:45 CET">
    <groups>
    </groups>
    <test name="Default test" duration-ms="30845" started-at="2021-02-28T00:40:14 CET" finished-at="2021-02-28T00:40:45 CET">
      <class name="tests.ProfileTest">
        <test-method status="PASS" signature="setup()[pri:0, instance:tests.ProfileTest@23faf8f2]" name="setup" is-config="true" duration-ms="3805" started-at="2021-02-28T00:40:14 CET" finished-at="2021-02-28T00:40:18 CET">
          <reporter-output>
          </reporter-output>
        </test-method> <!-- setup -->
        <test-method status="PASS" signature="changeProfileImageTest()[pri:1, instance:tests.ProfileTest@23faf8f2]" name="changeProfileImageTest" duration-ms="26780" started-at="2021-02-28T00:40:18 CET" finished-at="2021-02-28T00:40:44 CET">
          <reporter-output>
          </reporter-output>
        </test-method> <!-- changeProfileImageTest -->
        <test-method status="PASS" signature="after(org.testng.ITestResult)[pri:0, instance:tests.ProfileTest@23faf8f2]" name="after" is-config="true" duration-ms="70" started-at="2021-02-28T00:40:44 CET" finished-at="2021-02-28T00:40:44 CET">
          <params>
            <param index="0">
              <value>
                <![CDATA[[TestResult name=changeProfileImageTest status=SUCCESS method=ProfileTest.changeProfileImageTest()[pri:1, instance:tests.ProfileTest@23faf8f2] output={null}]]]>
              </value>
            </param>
          </params>
          <reporter-output>
          </reporter-output>
        </test-method> <!-- after -->
        <test-method status="PASS" signature="clean()[pri:0, instance:tests.ProfileTest@23faf8f2]" name="clean" is-config="true" duration-ms="132" started-at="2021-02-28T00:40:44 CET" finished-at="2021-02-28T00:40:45 CET">
          <reporter-output>
          </reporter-output>
        </test-method> <!-- clean -->
      </class> <!-- tests.ProfileTest -->
    </test> <!-- Default test -->
  </suite> <!-- Default suite -->
</testng-results>
